<?xml version="1.0" encoding="UTF-8"?>
<!-- Generated by org.testng.reporters.JUnitXMLReporter -->
<testsuite ignored="2" hostname="LAPTOP-B2DV80VQ" failures="0" tests="3" name="Default test" time="22.426" errors="0" timestamp="2026-04-03T14:48:51 IST">
  <testcase classname="test.Test1" name="registerUser" time="1.578"/>
  <testcase classname="test.Test1" name="registerUser" time="1.003"/>
  <testcase classname="test.Test1" name="registerUser" time="1.002"/>
  <testcase classname="test.Test1" name="new2" time="0.0">
    <ignored/>
  </testcase> <!-- new2 -->
  <testcase classname="test.Test1" name="new1" time="0.0">
    <ignored/>
  </testcase> <!-- new1 -->
</testsuite> <!-- Default test -->
