<?xml version="1.0" encoding="UTF-8"?>
<testng-results ignored="0" total="2" passed="2" failed="0" skipped="0">
  <reporter-output>
  </reporter-output>
  <suite started-at="2026-04-08T13:45:35 IST" name="Default suite" finished-at="2026-04-08T13:45:56 IST" duration-ms="20963">
    <groups>
    </groups>
    <test started-at="2026-04-08T13:45:35 IST" name="Default test" finished-at="2026-04-08T13:45:56 IST" duration-ms="20963">
      <class name="test.Test2">
        <test-method is-config="true" signature="setupReport()[pri:0, instance:test.Test2@74e52ef6]" started-at="2026-04-08T13:45:34 IST" name="setupReport" finished-at="2026-04-08T13:45:35 IST" duration-ms="351" status="PASS">
          <reporter-output>
          </reporter-output>
        </test-method> <!-- setupReport -->
        <test-method is-config="true" signature="setup()[pri:0, instance:test.Test2@74e52ef6]" started-at="2026-04-08T13:45:35 IST" name="setup" finished-at="2026-04-08T13:45:43 IST" duration-ms="8593" status="PASS">
          <reporter-output>
          </reporter-output>
        </test-method> <!-- setup -->
        <test-method signature="SKill_Dropdown_check()[pri:1, instance:test.Test2@74e52ef6]" started-at="2026-04-08T13:45:43 IST" name="SKill_Dropdown_check" finished-at="2026-04-08T13:45:47 IST" duration-ms="4008" status="PASS">
          <reporter-output>
          </reporter-output>
        </test-method> <!-- SKill_Dropdown_check -->
        <test-method is-config="true" signature="teardown(org.testng.ITestResult)[pri:0, instance:test.Test2@74e52ef6]" started-at="2026-04-08T13:45:47 IST" name="teardown" finished-at="2026-04-08T13:45:48 IST" duration-ms="336" status="PASS">
          <params>
            <param index="0">
              <value>
                <![CDATA[[TestResult name=SKill_Dropdown_check status=SUCCESS method=Test2.SKill_Dropdown_check()[pri:1, instance:test.Test2@74e52ef6] output={null}]]]>
              </value>
            </param>
          </params>
          <reporter-output>
          </reporter-output>
        </test-method> <!-- teardown -->
        <test-method is-config="true" signature="setup()[pri:0, instance:test.Test2@74e52ef6]" started-at="2026-04-08T13:45:48 IST" name="setup" finished-at="2026-04-08T13:45:54 IST" duration-ms="6770" status="PASS">
          <reporter-output>
          </reporter-output>
        </test-method> <!-- setup -->
        <test-method signature="new2()[pri:2, instance:test.Test2@74e52ef6]" started-at="2026-04-08T13:45:54 IST" name="new2" finished-at="2026-04-08T13:45:55 IST" duration-ms="829" status="PASS">
          <reporter-output>
          </reporter-output>
        </test-method> <!-- new2 -->
        <test-method is-config="true" signature="teardown(org.testng.ITestResult)[pri:0, instance:test.Test2@74e52ef6]" started-at="2026-04-08T13:45:55 IST" name="teardown" finished-at="2026-04-08T13:45:56 IST" duration-ms="381" status="PASS">
          <params>
            <param index="0">
              <value>
                <![CDATA[[TestResult name=new2 status=SUCCESS method=Test2.new2()[pri:2, instance:test.Test2@74e52ef6] output={null}]]]>
              </value>
            </param>
          </params>
          <reporter-output>
          </reporter-output>
        </test-method> <!-- teardown -->
        <test-method is-config="true" signature="tearDownReport()[pri:0, instance:test.Test2@74e52ef6]" started-at="2026-04-08T13:45:56 IST" name="tearDownReport" finished-at="2026-04-08T13:45:56 IST" duration-ms="582" status="PASS">
          <reporter-output>
          </reporter-output>
        </test-method> <!-- tearDownReport -->
      </class> <!-- test.Test2 -->
    </test> <!-- Default test -->
  </suite> <!-- Default suite -->
</testng-results>
