<?xml version="1.0" encoding="UTF-8"?>
<testng-results ignored="0" total="1" passed="1" failed="0" skipped="0">
  <reporter-output>
  </reporter-output>
  <suite started-at="2026-04-03T12:39:41 IST" name="Default suite" finished-at="2026-04-03T12:39:49 IST" duration-ms="8017">
    <groups>
    </groups>
    <test started-at="2026-04-03T12:39:41 IST" name="Default test" finished-at="2026-04-03T12:39:49 IST" duration-ms="8017">
      <class name="test.Test2">
        <test-method is-config="true" signature="setupReport()[pri:0, instance:test.Test2@9d5509a]" started-at="2026-04-03T12:39:41 IST" name="setupReport" finished-at="2026-04-03T12:39:41 IST" duration-ms="398" status="PASS">
          <reporter-output>
          </reporter-output>
        </test-method> <!-- setupReport -->
        <test-method is-config="true" signature="setup()[pri:0, instance:test.Test2@9d5509a]" started-at="2026-04-03T12:39:41 IST" name="setup" finished-at="2026-04-03T12:39:49 IST" duration-ms="7427" status="PASS">
          <reporter-output>
          </reporter-output>
        </test-method> <!-- setup -->
        <test-method signature="new2()[pri:0, instance:test.Test2@9d5509a]" started-at="2026-04-03T12:39:49 IST" name="new2" finished-at="2026-04-03T12:39:49 IST" duration-ms="304" status="PASS">
          <reporter-output>
          </reporter-output>
        </test-method> <!-- new2 -->
        <test-method is-config="true" signature="teardown(org.testng.ITestResult)[pri:0, instance:test.Test2@9d5509a]" started-at="2026-04-03T12:39:49 IST" name="teardown" finished-at="2026-04-03T12:39:49 IST" duration-ms="245" status="PASS">
          <params>
            <param index="0">
              <value>
                <![CDATA[[TestResult name=new2 status=SUCCESS method=Test2.new2()[pri:0, instance:test.Test2@9d5509a] output={null}]]]>
              </value>
            </param>
          </params>
          <reporter-output>
          </reporter-output>
        </test-method> <!-- teardown -->
        <test-method is-config="true" signature="tearDownReport()[pri:0, instance:test.Test2@9d5509a]" started-at="2026-04-03T12:39:49 IST" name="tearDownReport" finished-at="2026-04-03T12:39:50 IST" duration-ms="427" status="PASS">
          <reporter-output>
          </reporter-output>
        </test-method> <!-- tearDownReport -->
      </class> <!-- test.Test2 -->
    </test> <!-- Default test -->
  </suite> <!-- Default suite -->
</testng-results>
